<?xml version="1.0" encoding="UTF-8"?>
<!-- Generated by org.testng.reporters.JUnitReportReporter -->
<testsuite hostname="Christians-MacBook-Pro.local" name="com.sqa.CM.shop.ShopaholicAmazonTest" tests="3" failures="0" timestamp="28 Feb 2016 18:41:19 GMT" time="18.238" errors="0">
  <testcase name="f1" time="0.602" classname="com.sqa.CM.shop.ShopaholicAmazonTest"/>
  <testcase name="f2" time="0.592" classname="com.sqa.CM.shop.ShopaholicAmazonTest"/>
  <testcase name="f" time="17.044" classname="com.sqa.CM.shop.ShopaholicAmazonTest"/>
</testsuite> <!-- com.sqa.CM.shop.ShopaholicAmazonTest -->
